
Started POST /API/V1/usuarios for :: ::ffff:127.0.0.1 at Sat Jan 27 2024 07:19:12 GMT-0300 (hora de verano de Chile)
  Parameters in body: {"user":{"email":"john.doe@example.com","password":"1234567899","rol":"admin","lenguaje":"python"}}
Completed: 400 message:  Time response: 200 ms Request ID: [35ac15f4-76d7-4eb6-921f-b1bd034aa6bc]

Started POST /API/V1/usuarios for :: ::ffff:127.0.0.1 at Sat Jan 27 2024 07:20:13 GMT-0300 (hora de verano de Chile)
  Parameters in body: {"user":{"email":"john.doe@example.com","password":"1234567899","rol":"admin","lenguaje":"python"}}
Completed: 400 message:  Time response: 271 ms Request ID: [66b9a526-ff66-498b-ba42-487ed66f719a]

Started GET / for :: ::1 at Sat Jan 27 2024 07:20:35 GMT-0300 (hora de verano de Chile)
  Parameters in body: {}
Completed: 404 message:  Time response: 26 ms Request ID: [701e1cfd-c1f4-4e25-88cc-e213a076e8af]

Started GET / for :: ::1 at Sat Jan 27 2024 07:20:35 GMT-0300 (hora de verano de Chile)
  Parameters in body: {}
Completed: 404 message:  Time response: 24 ms Request ID: [39238303-e627-4a3f-94f4-713b09b8e217]

Started GET /API/V1/usuarios for :: ::1 at Sat Jan 27 2024 07:20:52 GMT-0300 (hora de verano de Chile)
  Parameters in body: {}
Completed: 404 message:  Time response: 8 ms Request ID: [69c716fb-7e18-4397-b950-f8294027c9e6]

Started POST /API/V1/usuarios for :: ::ffff:127.0.0.1 at Sat Jan 27 2024 07:21:04 GMT-0300 (hora de verano de Chile)
  Parameters in body: {"user":{"email":"john.doe@example.com","password":"1234567899","rol":"admin","lenguaje":"python"}}
Completed: 400 message:  Time response: 282 ms Request ID: [954ba677-8f84-4dc1-af2b-b3f79b7cd03b]

Started POST /API/V1/usuarios for :: ::ffff:127.0.0.1 at Sat Jan 27 2024 07:30:48 GMT-0300 (hora de verano de Chile)
  Parameters in body: {"user":{"email":"john.doe@example.com","password":"1234567899","rol":"admin","lenguaje":"python"}}
Completed: 400 message:  Time response: 304 ms Request ID: [3ec97d64-20f5-4e1f-bedf-670a638b046d]

Started POST /API/V1/usuarios for :: ::ffff:127.0.0.1 at Sat Jan 27 2024 07:31:58 GMT-0300 (hora de verano de Chile)
  Parameters in body: {"user":{"email":"john.doe@example.com","password":"1234567899","rol":"admin","lenguaje":"python"}}
Completed: 400 message:  Time response: 227 ms Request ID: [39c3808a-19f9-4a86-a347-a9c3c2bcdd9d]

Started POST /API/V1/usuarios for :: ::ffff:127.0.0.1 at Sat Jan 27 2024 07:33:42 GMT-0300 (hora de verano de Chile)
  Parameters in body: {"user":{"email":"john.doe@example.com","password":"1234567899","rol":"admin","lenguaje":"python"}}
Completed: 201 message:  Time response: 247 ms Request ID: [368124f9-fda2-4700-8ecd-cde8f2a597f5]

Started POST /API/V1/usuarios for :: ::ffff:127.0.0.1 at Sat Jan 27 2024 07:42:19 GMT-0300 (hora de verano de Chile)
  Parameters in body: {"user":{"email":"john.doe@example.com","password":"5555555","rol":"admin","lenguaje":"python"}}
Completed: 201 message:  Time response: 268 ms Request ID: [4fe633ac-79cf-4843-808a-9471bc101dda]

Started POST /API/V1/usuarios for :: ::ffff:127.0.0.1 at Sat Jan 27 2024 07:42:35 GMT-0300 (hora de verano de Chile)
  Parameters in body: {"user":{"email":"john.doe@example.com","password":"5555555","rol":"admin","lenguaje":"python"}}
Completed: 201 message:  Time response: 228 ms Request ID: [e2ee65f7-2870-4144-b18a-a3360d1ed8bb]

Started POST /API/V1/auth_login for :: ::ffff:127.0.0.1 at Sat Jan 27 2024 08:17:13 GMT-0300 (hora de verano de Chile)
  Parameters in body: {"user":{"email":"test@test.com","password":"1234567899"}}
Completed: 404 message:  Time response: 7 ms Request ID: [d9a6bdb8-e4eb-42a5-a391-1bbac446a63f]

Started POST /API/V1/auth_login for :: ::ffff:127.0.0.1 at Sat Jan 27 2024 08:17:22 GMT-0300 (hora de verano de Chile)
  Parameters in body: {"user":{"email":"test@test.com","password":"1234567899"}}
Completed: 404 message:  Time response: 3 ms Request ID: [0095aefb-9e15-4c86-9a47-0471a8412f4e]

Started POST /API/V1/auth_login for :: ::ffff:127.0.0.1 at Sat Jan 27 2024 08:21:51 GMT-0300 (hora de verano de Chile)
  Parameters in body: {"user":{"email":"test@test.com","password":"1234567899"}}
Completed: 400 message:  Time response: 112 ms Request ID: [d1452f07-667b-4930-b8ad-a154e496eba1]

Started POST /API/V1/usuarios for :: ::ffff:127.0.0.1 at Sat Jan 27 2024 08:22:34 GMT-0300 (hora de verano de Chile)
  Parameters in body: {"user":{"email":"john.doe@example.com","password":"5555555","rol":"admin","lenguaje":"python"}}
Completed: 201 message:  Time response: 191 ms Request ID: [a60704ba-8dd7-4223-b5ad-eec93412471d]

Started POST /API/V1/auth_login for :: ::ffff:127.0.0.1 at Sat Jan 27 2024 08:23:20 GMT-0300 (hora de verano de Chile)
  Parameters in body: {"user":{"email":"john.doe@example.com","password":"$2a$10$u7T9mBf5Bwed1qI9saTIgeM3dURABoVghNWreBdryyZ9bdQgE3Pri"}}
Completed: 400 message:  Time response: 186 ms Request ID: [cb8fce09-2ed8-4c32-840c-aa4df24bb673]

Started POST /API/V1/auth_login for :: ::ffff:127.0.0.1 at Sat Jan 27 2024 08:27:07 GMT-0300 (hora de verano de Chile)
  Parameters in body: {"user":{"email":"john.doe@example.com","password":"$2a$10$u7T9mBf5Bwed1qI9saTIgeM3dURABoVghNWreBdryyZ9bdQgE3Pri"}}
Completed: 400 message:  Time response: 112 ms Request ID: [1466a24b-0061-41b3-88b0-f2a7721b4fde]

Started POST /API/V1/auth_login for :: ::ffff:127.0.0.1 at Sat Jan 27 2024 08:30:11 GMT-0300 (hora de verano de Chile)
  Parameters in body: {"user":{"email":"john.doe@example.com","password":"$2a$10$u7T9mBf5Bwed1qI9saTIgeM3dURABoVghNWreBdryyZ9bdQgE3Pri"}}
Completed: 400 message:  Time response: 126 ms Request ID: [db6d33af-b77b-4ee8-8960-e650501684ac]

Started POST /API/V1/auth_login for :: ::ffff:127.0.0.1 at Sat Jan 27 2024 08:31:50 GMT-0300 (hora de verano de Chile)
  Parameters in body: {"user":{"email":"john.doe@example.com","password":"$2a$10$u7T9mBf5Bwed1qI9saTIgeM3dURABoVghNWreBdryyZ9bdQgE3Pri"}}
Completed: 400 message:  Time response: 125 ms Request ID: [2a4927f9-3217-4320-8925-cda011161db0]

Started POST /API/V1/auth_login for :: ::ffff:127.0.0.1 at Sat Jan 27 2024 08:35:28 GMT-0300 (hora de verano de Chile)
  Parameters in body: {"user":{"email":"john.doe@example.com","password":"$2a$10$u7T9mBf5Bwed1qI9saTIgeM3dURABoVghNWreBdryyZ9bdQgE3Pri"}}
Completed: 400 message:  Time response: 122 ms Request ID: [c334f12e-24d5-4a52-b5db-831d831d1707]

Started POST /API/V1/auth_login for :: ::ffff:127.0.0.1 at Sat Jan 27 2024 08:36:59 GMT-0300 (hora de verano de Chile)
  Parameters in body: {"user":{"email":"john.doe@example.com","password":"5555555"}}
Completed: 200 message:  Time response: 136 ms Request ID: [fb8ba92c-9b4b-4f99-bc08-2072e70fd381]

Started GET /API/V1all_users_auth for :: ::ffff:127.0.0.1 at Sat Jan 27 2024 09:04:59 GMT-0300 (hora de verano de Chile)
  Parameters in body: {}
Completed: 404 message:  Time response: 9 ms Request ID: [0ddb0a8e-1d68-4ee0-9156-600ba5d9d3c2]

Started GET /API/V1all_users_auth for :: ::ffff:127.0.0.1 at Sat Jan 27 2024 09:05:27 GMT-0300 (hora de verano de Chile)
  Parameters in body: {}
Completed: 404 message:  Time response: 3 ms Request ID: [27098b8e-ed0b-4cf6-a597-18ea767adc5c]

Started GET /API/V1all_users_auth for :: ::ffff:127.0.0.1 at Sat Jan 27 2024 09:11:44 GMT-0300 (hora de verano de Chile)
  Parameters in body: {}
Completed: 404 message:  Time response: 7 ms Request ID: [5f6927e5-1597-42c4-a416-9c757f1c130f]

Started GET / for :: ::1 at Sat Jan 27 2024 09:12:17 GMT-0300 (hora de verano de Chile)
  Parameters in body: {}
Completed: 404 message:  Time response: 20 ms Request ID: [a50228c1-97a5-4270-9aec-ae232788fa49]

Started GET /all_users_auth for :: ::1 at Sat Jan 27 2024 09:12:24 GMT-0300 (hora de verano de Chile)
  Parameters in body: {}
Completed: 404 message:  Time response: 2 ms Request ID: [3deb873c-e5ea-44d1-93f6-515892012fe4]

Started GET /all_users_auth for :: ::1 at Sat Jan 27 2024 09:16:56 GMT-0300 (hora de verano de Chile)
  Parameters in body: {}
Completed: 404 message:  Time response: 7 ms Request ID: [f5186940-1227-4162-93a9-4b57afc2aa9d]

Started GET /API/V1all_users_auth for :: ::ffff:127.0.0.1 at Sat Jan 27 2024 09:17:17 GMT-0300 (hora de verano de Chile)
  Parameters in body: {}
Completed: 404 message:  Time response: 2 ms Request ID: [0b8f0c69-84ee-461b-8c5e-3eb165e57d44]

Started GET /API/V1/all_users_auth for :: ::ffff:127.0.0.1 at Sat Jan 27 2024 09:17:39 GMT-0300 (hora de verano de Chile)
  Parameters in body: {}
Completed: 200 message:  Time response: 63 ms Request ID: [f006577a-624b-4054-8ada-f537bc961154]

Started GET /API/V1/all_users_auth for :: ::ffff:127.0.0.1 at Sat Jan 27 2024 09:18:15 GMT-0300 (hora de verano de Chile)
  Parameters in body: {}
Started GET /all_users_auth for :: ::1 at Sat Jan 27 2024 09:20:34 GMT-0300 (hora de verano de Chile)
  Parameters in body: {}
Completed: 404 message:  Time response: 6 ms Request ID: [01918a7d-220b-41e2-a76d-f6831bffb175]

Started GET /API/V1/all_users_auth for :: ::ffff:127.0.0.1 at Sat Jan 27 2024 09:22:46 GMT-0300 (hora de verano de Chile)
  Parameters in body: {}
Completed: 200 message:  Time response: 55 ms Request ID: [db1af510-c1d6-4c23-a571-277483e44057]

Started GET /API/V1/all_users_auth for :: ::ffff:127.0.0.1 at Sat Jan 27 2024 09:23:31 GMT-0300 (hora de verano de Chile)
  Parameters in body: {}
Completed: 500 message:  Time response: 13 ms Request ID: [d2389dc6-f014-45cf-9b93-2e1693be6d21]

Started GET /API/V1/all_users_auth for :: ::ffff:127.0.0.1 at Sat Jan 27 2024 09:23:46 GMT-0300 (hora de verano de Chile)
  Parameters in body: {}
Completed: 500 message:  Time response: 6 ms Request ID: [4dfb0bac-009d-4942-bf70-b668362f7624]

Started GET /API/V1/all_users_auth for :: ::ffff:127.0.0.1 at Sat Jan 27 2024 09:34:18 GMT-0300 (hora de verano de Chile)
  Parameters in body: {}
Completed: 500 message:  Time response: 9 ms Request ID: [1d0d3901-2d4c-4df0-a47b-c6a2add114e8]

Started GET /API/V1/all_users_auth for :: ::ffff:127.0.0.1 at Sat Jan 27 2024 09:44:48 GMT-0300 (hora de verano de Chile)
  Parameters in body: {}
Completed: 500 message:  Time response: 9 ms Request ID: [59560d1b-ef09-41d7-b5bc-437d44f5442a]

Started GET /API/V1/all_users_auth for :: ::ffff:127.0.0.1 at Sat Jan 27 2024 09:45:47 GMT-0300 (hora de verano de Chile)
  Parameters in body: {}
Completed: 500 message:  Time response: 10 ms Request ID: [3242b7b2-6a81-4028-ae30-3f548ce5dd75]

Started GET /API/V1/all_users_auth for :: ::ffff:127.0.0.1 at Sat Jan 27 2024 09:46:23 GMT-0300 (hora de verano de Chile)
  Parameters in body: {}
Completed: 500 message:  Time response: 9 ms Request ID: [32416cb4-ba5c-4f1d-8294-6b7abf11e18a]

Started POST /API/V1/usuarios for :: ::ffff:127.0.0.1 at Sat Jan 27 2024 09:46:37 GMT-0300 (hora de verano de Chile)
  Parameters in body: {"user":{"email":"john.doe@example.com","password":"5555555","rol":"admin","lenguaje":"python"}}
Completed: 201 message:  Time response: 115 ms Request ID: [3ac38081-6858-49a0-9973-f02afa531b80]

Started POST /API/V1/auth_login for :: ::ffff:127.0.0.1 at Sat Jan 27 2024 09:46:43 GMT-0300 (hora de verano de Chile)
  Parameters in body: {"user":{"email":"john.doe@example.com","password":"5555555"}}
Completed: 200 message:  Time response: 68 ms Request ID: [43a480bc-72d5-48dd-8323-441bb83178dd]

Started GET /API/V1/all_users_auth for :: ::ffff:127.0.0.1 at Sat Jan 27 2024 09:46:53 GMT-0300 (hora de verano de Chile)
  Parameters in body: {}
Completed: 200 message:  Time response: 47 ms Request ID: [9ac747d5-a676-4e88-a0ed-9b3dc3f1cd4b]

Started GET /API/V1/all_users_auth for :: ::ffff:127.0.0.1 at Sat Jan 27 2024 09:47:03 GMT-0300 (hora de verano de Chile)
  Parameters in body: {}
Completed: 500 message:  Time response: 9 ms Request ID: [6ce5648d-0586-4bad-99b3-edf9e9236b79]

Started GET /API/V1/all_users_auth for :: ::ffff:127.0.0.1 at Sat Jan 27 2024 09:47:48 GMT-0300 (hora de verano de Chile)
  Parameters in body: {}
Completed: 500 message:  Time response: 15 ms Request ID: [8e8499d4-193e-43ea-b614-d4be59311be3]

Started GET /API/V1/all_users_auth for :: ::ffff:127.0.0.1 at Sat Jan 27 2024 09:48:09 GMT-0300 (hora de verano de Chile)
  Parameters in body: {}
Completed: 500 message:  Time response: 13 ms Request ID: [842eedd6-85c0-4ea4-b007-9140e35feabd]

Started GET /API/V1/all_users_auth for :: ::ffff:127.0.0.1 at Sat Jan 27 2024 09:48:18 GMT-0300 (hora de verano de Chile)
  Parameters in body: {}
Completed: 500 message:  Time response: 5 ms Request ID: [3c81186b-a3c7-4c03-aa8b-c6c5ebf0a05d]

Started GET /API/V1/all_users_auth for :: ::ffff:127.0.0.1 at Sat Jan 27 2024 09:48:18 GMT-0300 (hora de verano de Chile)
  Parameters in body: {}
Completed: 500 message:  Time response: 6 ms Request ID: [7710df61-16da-40ed-b6db-c2064172d8f1]

Started GET /API/V1/all_users_auth for :: ::ffff:127.0.0.1 at Sat Jan 27 2024 09:48:49 GMT-0300 (hora de verano de Chile)
  Parameters in body: {}
Completed: 500 message:  Time response: 14 ms Request ID: [a1eddb4c-b1d1-4a21-b84f-a488e11cc526]

Started GET /API/V1/all_users_auth for :: ::ffff:127.0.0.1 at Sat Jan 27 2024 09:49:26 GMT-0300 (hora de verano de Chile)
  Parameters in body: {}
Completed: 200 message:  Time response: 47 ms Request ID: [a33d5dcf-5680-49a7-a2ec-0cf949e38ce7]

Started GET /API/V1/all_users_auth for :: ::ffff:127.0.0.1 at Sat Jan 27 2024 09:49:30 GMT-0300 (hora de verano de Chile)
  Parameters in body: {}
Completed: 500 message:  Time response: 7 ms Request ID: [69b56cc9-12a2-4456-a78f-981d9c488d55]

Started GET /API/V1/all_users_auth for :: ::ffff:127.0.0.1 at Sat Jan 27 2024 09:49:40 GMT-0300 (hora de verano de Chile)
  Parameters in body: {}
Completed: 500 message:  Time response: 3 ms Request ID: [17ced10c-2456-4aa2-8a30-c6673a77a4a9]

Started GET /API/V1/all_users_auth for :: ::ffff:127.0.0.1 at Sat Jan 27 2024 09:58:47 GMT-0300 (hora de verano de Chile)
  Parameters in body: {}
Completed: 500 message:  Time response: 5 ms Request ID: [6d20197e-f6d9-4edd-9e56-906cbe2e2ccd]

Started GET / for :: ::1 at Sat Jan 27 2024 10:00:44 GMT-0300 (hora de verano de Chile)
  Parameters in body: {}
Completed: 404 message:  Time response: 14 ms Request ID: [6dbd8961-7d1d-4a45-a618-e4103b73dcde]

Started GET /usuarios for :: ::1 at Sat Jan 27 2024 10:11:55 GMT-0300 (hora de verano de Chile)
  Parameters in body: {}
Completed: 404 message:  Time response: 10 ms Request ID: [d1fceae7-8498-4a5a-bd4f-a5b3919d1f65]

Started POST /API/V1/usuarios for :: ::ffff:127.0.0.1 at Sat Jan 27 2024 10:13:23 GMT-0300 (hora de verano de Chile)
  Parameters in body: {"user":{"email":"john.doe@example.com","password":"5555555","rol":"admin","lenguaje":"python"}}
Completed: 201 message:  Time response: 115 ms Request ID: [6f88be5f-49da-4416-b504-20fde92e1722]

Started POST /API/V1/login for :: ::ffff:127.0.0.1 at Sat Jan 27 2024 10:13:53 GMT-0300 (hora de verano de Chile)
  Parameters in body: {"user":{"email":"john.doe@example.com","password":"5555555"}}
Completed: 200 message:  Time response: 103 ms Request ID: [ef661879-b112-47f3-a7d9-1ca971643668]

Started GET /API/V1/usuarios for :: ::ffff:127.0.0.1 at Sat Jan 27 2024 10:14:11 GMT-0300 (hora de verano de Chile)
  Parameters in body: {}
Completed: 500 message:  Time response: 8 ms Request ID: [a1b5eb62-f44b-40d7-86e8-f5a8f8d55b9a]

Started GET /API/V1/usuarios for :: ::ffff:127.0.0.1 at Sat Jan 27 2024 10:14:18 GMT-0300 (hora de verano de Chile)
  Parameters in body: {}
Completed: 200 message:  Time response: 38 ms Request ID: [08d269be-1aca-4c64-be1a-662aa9afd6d5]

Started POST /usuarios for :: ::1 at Sat Jan 27 2024 10:37:42 GMT-0300 (hora de verano de Chile)
  Parameters in body: {"email":"docente@desafiolatam.com","password":"123456","rol":"Full Stack Developer","lenguage":"JavaScript"}
Completed: 404 message:  Time response: 4 ms Request ID: [d8d8eb60-3793-4064-be00-add45f86710f]

Started POST /login for :: ::1 at Sat Jan 27 2024 10:39:15 GMT-0300 (hora de verano de Chile)
  Parameters in body: {"email":"docente@desafiolatam.com","password":"123456"}
Completed: 404 message:  Time response: 2 ms Request ID: [8c4c0928-3c31-4992-8817-8fdbd2196141]

Started POST /usuarios for :: ::1 at Sat Jan 27 2024 10:46:19 GMT-0300 (hora de verano de Chile)
  Parameters in body: {"email":"docente@desafiolatam.com","password":"123456","rol":"Full Stack Developer","lenguage":"JavaScript"}
Completed: 400 message:  Time response: 10 ms Request ID: [6aa08117-7240-4405-9f88-6238e9288662]

Started POST /usuarios for :: ::1 at Sat Jan 27 2024 10:50:57 GMT-0300 (hora de verano de Chile)
  Parameters in body: {"email":"docente@desafiolatam.com","password":"123456","rol":"Full Stack Developer","lenguage":"JavaScript"}
Completed: 400 message:  Time response: 5 ms Request ID: [599e7c14-47df-4c64-8b7b-3450a97086a3]

Started POST /usuarios for :: ::1 at Sat Jan 27 2024 10:51:34 GMT-0300 (hora de verano de Chile)
  Parameters in body: {"user":{"email":"docente@desafiolatam.com","password":"123456","rol":"Full Stack Developer","lenguage":"JavaScript"}}
Completed: 201 message:  Time response: 149 ms Request ID: [6bef4007-101d-4ba1-83b9-1c091e49e8b1]

Started POST /login for :: ::1 at Sat Jan 27 2024 10:52:04 GMT-0300 (hora de verano de Chile)
  Parameters in body: {"email":"docente@desafiolatam.com","password":"123456"}
Completed: 500 message:  Time response: 3 ms Request ID: [438685ba-fb62-4e79-895c-1121e13bee58]

Started POST /login for :: ::1 at Sat Jan 27 2024 10:53:32 GMT-0300 (hora de verano de Chile)
  Parameters in body: {"user":{"email":"docente@desafiolatam.com","password":"123456"}}
Completed: 200 message:  Time response: 116 ms Request ID: [9ac878d1-c80d-4e73-8965-d85eac852425]

Started GET /usuarios for :: ::1 at Sat Jan 27 2024 10:53:34 GMT-0300 (hora de verano de Chile)
  Parameters in body: {}
Started GET /usuarios for :: ::1 at Sat Jan 27 2024 10:53:34 GMT-0300 (hora de verano de Chile)
  Parameters in body: {}
Completed: 200 message:  Time response: 6 ms Request ID: [cac0c92b-6057-404f-8162-d7b3adc27c4a]

Completed: 304 message:  Time response: 4 ms Request ID: [be381754-e544-49fa-8d3e-8ca2d08bd24e]
